<?xml version="1.0" encoding="UTF-8"?>
<testsuite xmlns:xsi="http://www.w3.org/2001/XMLSchema-instance" xsi:noNamespaceSchemaLocation="https://maven.apache.org/surefire/maven-surefire-plugin/xsd/surefire-test-report.xsd" version="3.0.2" name="com.omnixys.commons.error.BaseOmnixysExceptionTest" time="0.009" tests="11" errors="0" skipped="0" failures="0">
  <properties>
[...]
</properties>
  <testcase name="shouldCreateSubclassExceptionWithCause" classname="com.omnixys.commons.error.BaseOmnixysExceptionTest" time="0.001"/>
  <testcase name="shouldDefaultToUnscopedWhenProviderReturnsNull" classname="com.omnixys.commons.error.BaseOmnixysExceptionTest" time="0.001"/>
  <testcase name="shouldDefaultToUnscopedWhenProviderPartiallyReturnsNulls" classname="com.omnixys.commons.error.BaseOmnixysExceptionTest" time="0.001"/>
  <testcase name="shouldCreateWithErrorCodeAndMessage" classname="com.omnixys.commons.error.BaseOmnixysExceptionTest" time="0.0"/>
  <testcase name="shouldReturnImmutableMetadata" classname="com.omnixys.commons.error.BaseOmnixysExceptionTest" time="0.001"/>
  <testcase name="shouldFallbackToContextProviderWhenContextIsNull" classname="com.omnixys.commons.error.BaseOmnixysExceptionTest" time="0.001"/>
  <testcase name="shouldDefaultCorrelationIdToRequestId" classname="com.omnixys.commons.error.BaseOmnixysExceptionTest" time="0.0"/>
  <testcase name="shouldCreateSubclassException" classname="com.omnixys.commons.error.BaseOmnixysExceptionTest" time="0.0"/>
  <testcase name="shouldCreateWithErrorCodeMessageAndCause" classname="com.omnixys.commons.error.BaseOmnixysExceptionTest" time="0.0"/>
  <testcase name="shouldCreateWithContext" classname="com.omnixys.commons.error.BaseOmnixysExceptionTest" time="0.001"/>
  <testcase name="shouldNotUseContextProviderWhenContextIsExplicitlyProvided" classname="com.omnixys.commons.error.BaseOmnixysExceptionTest" time="0.001"/>
</testsuite>